{"total": {"lines":{"total":26,"covered":18,"skipped":0,"pct":69.23},"statements":{"total":28,"covered":18,"skipped":0,"pct":64.28},"functions":{"total":14,"covered":4,"skipped":0,"pct":28.57},"branches":{"total":2,"covered":1,"skipped":0,"pct":50},"branchesTrue":{"total":0,"covered":0,"skipped":0,"pct":100}}
,"/home/guilhermedias/projects-trybe/Back-End-Projects/sd-014-a-project-car-shop/src/models/CarsModel.ts": {"lines":{"total":5,"covered":5,"skipped":0,"pct":100},"functions":{"total":1,"covered":1,"skipped":0,"pct":100},"statements":{"total":5,"covered":5,"skipped":0,"pct":100},"branches":{"total":1,"covered":1,"skipped":0,"pct":100}}
,"/home/guilhermedias/projects-trybe/Back-End-Projects/sd-014-a-project-car-shop/src/models/MongoModel.ts": {"lines":{"total":10,"covered":7,"skipped":0,"pct":70},"functions":{"total":6,"covered":1,"skipped":0,"pct":16.66},"statements":{"total":12,"covered":7,"skipped":0,"pct":58.33},"branches":{"total":0,"covered":0,"skipped":0,"pct":100}}
,"/home/guilhermedias/projects-trybe/Back-End-Projects/sd-014-a-project-car-shop/src/services/CarsService.ts": {"lines":{"total":4,"covered":4,"skipped":0,"pct":100},"functions":{"total":1,"covered":1,"skipped":0,"pct":100},"statements":{"total":4,"covered":4,"skipped":0,"pct":100},"branches":{"total":1,"covered":0,"skipped":0,"pct":0}}
,"/home/guilhermedias/projects-trybe/Back-End-Projects/sd-014-a-project-car-shop/src/services/index.ts": {"lines":{"total":7,"covered":2,"skipped":0,"pct":28.57},"functions":{"total":6,"covered":1,"skipped":0,"pct":16.66},"statements":{"total":7,"covered":2,"skipped":0,"pct":28.57},"branches":{"total":0,"covered":0,"skipped":0,"pct":100}}
}
