{"total": {"lines":{"total":110,"covered":52,"skipped":0,"pct":47.27},"statements":{"total":112,"covered":52,"skipped":0,"pct":46.42},"functions":{"total":29,"covered":10,"skipped":0,"pct":34.48},"branches":{"total":16,"covered":6,"skipped":0,"pct":37.5},"branchesTrue":{"total":0,"covered":0,"skipped":0,"pct":100}}
,"/home/guilhermedias/projects-trybe/Back-End-Projects/sd-014-a-project-car-shop/src/controllers/CarsController.ts": {"lines":{"total":31,"covered":8,"skipped":0,"pct":25.8},"functions":{"total":5,"covered":1,"skipped":0,"pct":20},"statements":{"total":31,"covered":8,"skipped":0,"pct":25.8},"branches":{"total":5,"covered":0,"skipped":0,"pct":0}}
,"/home/guilhermedias/projects-trybe/Back-End-Projects/sd-014-a-project-car-shop/src/controllers/MotorcycleController.ts": {"lines":{"total":31,"covered":8,"skipped":0,"pct":25.8},"functions":{"total":5,"covered":1,"skipped":0,"pct":20},"statements":{"total":31,"covered":8,"skipped":0,"pct":25.8},"branches":{"total":5,"covered":0,"skipped":0,"pct":0}}
,"/home/guilhermedias/projects-trybe/Back-End-Projects/sd-014-a-project-car-shop/src/controllers/index.ts": {"lines":{"total":13,"covered":9,"skipped":0,"pct":69.23},"functions":{"total":3,"covered":2,"skipped":0,"pct":66.66},"statements":{"total":13,"covered":9,"skipped":0,"pct":69.23},"branches":{"total":2,"covered":2,"skipped":0,"pct":100}}
,"/home/guilhermedias/projects-trybe/Back-End-Projects/sd-014-a-project-car-shop/src/models/CarsModel.ts": {"lines":{"total":5,"covered":5,"skipped":0,"pct":100},"functions":{"total":1,"covered":1,"skipped":0,"pct":100},"statements":{"total":5,"covered":5,"skipped":0,"pct":100},"branches":{"total":1,"covered":1,"skipped":0,"pct":100}}
,"/home/guilhermedias/projects-trybe/Back-End-Projects/sd-014-a-project-car-shop/src/models/MongoModel.ts": {"lines":{"total":10,"covered":7,"skipped":0,"pct":70},"functions":{"total":6,"covered":1,"skipped":0,"pct":16.66},"statements":{"total":12,"covered":7,"skipped":0,"pct":58.33},"branches":{"total":0,"covered":0,"skipped":0,"pct":100}}
,"/home/guilhermedias/projects-trybe/Back-End-Projects/sd-014-a-project-car-shop/src/models/MotorcycleModel.ts": {"lines":{"total":5,"covered":5,"skipped":0,"pct":100},"functions":{"total":1,"covered":1,"skipped":0,"pct":100},"statements":{"total":5,"covered":5,"skipped":0,"pct":100},"branches":{"total":1,"covered":1,"skipped":0,"pct":100}}
,"/home/guilhermedias/projects-trybe/Back-End-Projects/sd-014-a-project-car-shop/src/services/CarsService.ts": {"lines":{"total":4,"covered":4,"skipped":0,"pct":100},"functions":{"total":1,"covered":1,"skipped":0,"pct":100},"statements":{"total":4,"covered":4,"skipped":0,"pct":100},"branches":{"total":1,"covered":1,"skipped":0,"pct":100}}
,"/home/guilhermedias/projects-trybe/Back-End-Projects/sd-014-a-project-car-shop/src/services/MotorcycleService.ts": {"lines":{"total":4,"covered":4,"skipped":0,"pct":100},"functions":{"total":1,"covered":1,"skipped":0,"pct":100},"statements":{"total":4,"covered":4,"skipped":0,"pct":100},"branches":{"total":1,"covered":1,"skipped":0,"pct":100}}
,"/home/guilhermedias/projects-trybe/Back-End-Projects/sd-014-a-project-car-shop/src/services/index.ts": {"lines":{"total":7,"covered":2,"skipped":0,"pct":28.57},"functions":{"total":6,"covered":1,"skipped":0,"pct":16.66},"statements":{"total":7,"covered":2,"skipped":0,"pct":28.57},"branches":{"total":0,"covered":0,"skipped":0,"pct":100}}
}
